#
# There is insufficient memory for the Java Runtime Environment to continue.
# Native memory allocation (mmap) failed to map 65536 bytes. Error detail: Failed to commit metaspace.
# Possible reasons:
#   The system is out of physical RAM or swap space
#   This process is running with CompressedOops enabled, and the Java Heap may be blocking the growth of the native heap
# Possible solutions:
#   Reduce memory load on the system
#   Increase physical memory or swap space
#   Check if swap backing store is full
#   Decrease Java heap size (-Xmx/-Xms)
#   Decrease number of Java threads
#   Decrease Java thread stack sizes (-Xss)
#   Set larger code cache with -XX:ReservedCodeCacheSize=
#   JVM is running with Unscaled Compressed Oops mode in which the Java heap is
#     placed in the first 4GB address space. The Java Heap base address is the
#     maximum limit for the native heap growth. Please use -XX:HeapBaseMinAddress
#     to set the Java Heap base and to place the Java Heap above 4GB virtual address.
# This output file may be truncated or incomplete.
#
#  Out of Memory Error (virtualSpaceNode.cpp:113), pid=7284, tid=14540
#
# JRE version: OpenJDK Runtime Environment Temurin-21.0.5+11 (21.0.5+11) (build 21.0.5+11-LTS)
# Java VM: OpenJDK 64-Bit Server VM Temurin-21.0.5+11 (21.0.5+11-LTS, mixed mode, sharing, tiered, compressed oops, compressed class ptrs, parallel gc, windows-amd64)
# No core dump will be written. Minidumps are not enabled by default on client versions of Windows
#

---------------  S U M M A R Y ------------

Command Line: --add-modules=ALL-SYSTEM --add-opens=java.base/java.util=ALL-UNNAMED --add-opens=java.base/java.lang=ALL-UNNAMED --add-opens=java.base/sun.nio.fs=ALL-UNNAMED -Declipse.application=org.eclipse.jdt.ls.core.id1 -Dosgi.bundles.defaultStartLevel=4 -Declipse.product=org.eclipse.jdt.ls.core.product -Djava.import.generatesMetadataFilesAtProjectRoot=false -DDetectVMInstallationsJob.disabled=true -Dfile.encoding=utf8 -XX:+UseParallelGC -XX:GCTimeRatio=4 -XX:AdaptiveSizePolicyWeight=90 -Dsun.zip.disableMemoryMapping=true -Xmx1G -Xms100m -Xlog:disable -javaagent:c:\Users\LEARNER\.vscode\extensions\redhat.java-1.39.0-win32-x64\lombok\lombok-1.18.34.jar c:\Users\LEARNER\.vscode\extensions\redhat.java-1.39.0-win32-x64\server\plugins\org.eclipse.equinox.launcher_1.6.900.v20240613-2009.jar -configuration c:\Users\LEARNER\AppData\Roaming\Code\User\globalStorage\redhat.java\1.39.0\config_ss_win -data c:\Users\LEARNER\AppData\Roaming\Code\User\workspaceStorage\f22a8c485441418470dca189f938abad\redhat.java\ss_ws --pipe=\\.\pipe\lsp-09647fab112f706cc0e57515673426f7-sock

Host: Intel(R) Core(TM) i7-7700 CPU @ 3.60GHz, 8 cores, 7G,  Windows 10 , 64 bit Build 19041 (10.0.19041.5438)
Time: Fri Feb 21 11:00:31 2025 South Africa Standard Time elapsed time: 0.744786 seconds (0d 0h 0m 0s)

---------------  T H R E A D  ---------------

Current thread (0x000002be1586b830):  JavaThread "C1 CompilerThread0" daemon [_thread_in_vm, id=14540, stack(0x000000df2d000000,0x000000df2d100000) (1024K)]


Current CompileTask:
C1:744  482       3       java.net.URI$Parser::checkChars (44 bytes)

Stack: [0x000000df2d000000,0x000000df2d100000]
Native frames: (J=compiled Java code, j=interpreted, Vv=VM code, C=native code)
V  [jvm.dll+0x6cd4e9]
V  [jvm.dll+0x8a7941]
V  [jvm.dll+0x8a9e6e]
V  [jvm.dll+0x8aa543]
V  [jvm.dll+0x27f6d6]
V  [jvm.dll+0x8a368e]
V  [jvm.dll+0x6701c5]
V  [jvm.dll+0x67022a]
V  [jvm.dll+0x672a12]
V  [jvm.dll+0x6728e2]
V  [jvm.dll+0x670b9e]
V  [jvm.dll+0x68204a]
V  [jvm.dll+0x67b122]
V  [jvm.dll+0x1f2550]
V  [jvm.dll+0x1f2738]
V  [jvm.dll+0x152f2e]
V  [jvm.dll+0x153274]
V  [jvm.dll+0x1526a6]
V  [jvm.dll+0x15447d]
V  [jvm.dll+0x25682a]
V  [jvm.dll+0x254dca]
V  [jvm.dll+0x3f00d6]
V  [jvm.dll+0x8514fb]
V  [jvm.dll+0x6cbbed]
C  [ucrtbase.dll+0x21bb2]
C  [KERNEL32.DLL+0x17374]
C  [ntdll.dll+0x4cc91]


---------------  P R O C E S S  ---------------

Threads class SMR info:
_java_thread_list=0x000002be583eb0b0, length=10, elements={
0x000002be7e736560, 0x000002be15852070, 0x000002be15853970, 0x000002be158554f0,
0x000002be15856650, 0x000002be1585c320, 0x000002be15860420, 0x000002be15867fc0,
0x000002be1586b830, 0x000002be583ef0f0
}

Java Threads: ( => current thread )
  0x000002be7e736560 JavaThread "main"                              [_thread_in_vm, id=6708, stack(0x000000df2c500000,0x000000df2c600000) (1024K)]
  0x000002be15852070 JavaThread "Reference Handler"          daemon [_thread_blocked, id=10188, stack(0x000000df2c900000,0x000000df2ca00000) (1024K)]
  0x000002be15853970 JavaThread "Finalizer"                  daemon [_thread_blocked, id=5656, stack(0x000000df2ca00000,0x000000df2cb00000) (1024K)]
  0x000002be158554f0 JavaThread "Signal Dispatcher"          daemon [_thread_blocked, id=16448, stack(0x000000df2cb00000,0x000000df2cc00000) (1024K)]
  0x000002be15856650 JavaThread "Attach Listener"            daemon [_thread_blocked, id=10652, stack(0x000000df2cc00000,0x000000df2cd00000) (1024K)]
  0x000002be1585c320 JavaThread "Service Thread"             daemon [_thread_blocked, id=17820, stack(0x000000df2cd00000,0x000000df2ce00000) (1024K)]
  0x000002be15860420 JavaThread "Monitor Deflation Thread"   daemon [_thread_blocked, id=11280, stack(0x000000df2ce00000,0x000000df2cf00000) (1024K)]
  0x000002be15867fc0 JavaThread "C2 CompilerThread0"         daemon [_thread_blocked, id=16536, stack(0x000000df2cf00000,0x000000df2d000000) (1024K)]
=>0x000002be1586b830 JavaThread "C1 CompilerThread0"         daemon [_thread_in_vm, id=14540, stack(0x000000df2d000000,0x000000df2d100000) (1024K)]
  0x000002be583ef0f0 JavaThread "Common-Cleaner"             daemon [_thread_blocked, id=6448, stack(0x000000df2d100000,0x000000df2d200000) (1024K)]
Total: 10

Other Threads:
  0x000002be15842420 VMThread "VM Thread"                           [id=6728, stack(0x000000df2c800000,0x000000df2c900000) (1024K)]
  0x000002be7e8bdd40 WatcherThread "VM Periodic Task Thread"        [id=11904, stack(0x000000df2c700000,0x000000df2c800000) (1024K)]
  0x000002be7e871cf0 WorkerThread "GC Thread#0"                     [id=16280, stack(0x000000df2c600000,0x000000df2c700000) (1024K)]
Total: 3

Threads with active compile tasks:
C1 CompilerThread0  817  482       3       java.net.URI$Parser::checkChars (44 bytes)
Total: 1

VM state: not at safepoint (normal execution)

VM Mutex/Monitor currently owned by a thread:  ([mutex/lock_event])
[0x00007fff35cbb300] Metaspace_lock - owner thread: 0x000002be1586b830

Heap address: 0x00000000c0000000, size: 1024 MB, Compressed Oops mode: 32-bit

CDS archive(s) mapped at: [0x000002be16000000-0x000002be16ba0000-0x000002be16ba0000), size 12189696, SharedBaseAddress: 0x000002be16000000, ArchiveRelocationMode: 1.
Compressed class space mapped at: 0x000002be17000000-0x000002be57000000, reserved size: 1073741824
Narrow klass base: 0x000002be16000000, Narrow klass shift: 0, Narrow klass range: 0x100000000

GC Precious Log:
 CardTable entry size: 512
 CPUs: 8 total, 8 available
 Memory: 8099M
 Large Page Support: Disabled
 NUMA Support: Disabled
 Compressed Oops: Enabled (32-bit)
 Alignments: Space 512K, Generation 512K, Heap 2M
 Heap Min Capacity: 100M
 Heap Initial Capacity: 100M
 Heap Max Capacity: 1G
 Pre-touch: Disabled
 Parallel Workers: 8

Heap:
 PSYoungGen      total 29696K, used 7624K [0x00000000eab00000, 0x00000000ecc00000, 0x0000000100000000)
  eden space 25600K, 29% used [0x00000000eab00000,0x00000000eb272140,0x00000000ec400000)
  from space 4096K, 0% used [0x00000000ec800000,0x00000000ec800000,0x00000000ecc00000)
  to   space 4096K, 0% used [0x00000000ec400000,0x00000000ec400000,0x00000000ec800000)
 ParOldGen       total 68608K, used 0K [0x00000000c0000000, 0x00000000c4300000, 0x00000000eab00000)
  object space 68608K, 0% used [0x00000000c0000000,0x00000000c0000000,0x00000000c4300000)
 Metaspace       used 930K, committed 1024K, reserved 1114112K
  class space    used 80K, committed 128K, reserved 1048576K

Card table byte_map: [0x000002be7ef00000,0x000002be7f110000] _byte_map_base: 0x000002be7e900000

Marking Bits: (ParMarkBitMap*) 0x00007fff35cc2250
 Begin Bits: [0x000002be136a0000, 0x000002be146a0000)
 End Bits:   [0x000002be146a0000, 0x000002be156a0000)

Polling page: 0x000002be7e920000

Metaspace:

Usage:
  Non-class:    849.99 KB used.
      Class:     80.82 KB used.
       Both:    930.81 KB used.

Virtual space:
  Non-class space:       64.00 MB reserved,     896.00 KB (  1%) committed,  1 nodes.
      Class space:        1.00 GB reserved,     128.00 KB ( <1%) committed,  1 nodes.
             Both:        1.06 GB reserved,       1.00 MB ( <1%) committed. 

Chunk freelists:
   Non-Class:  11.75 MB
       Class:  15.70 MB
        Both:  27.45 MB

MaxMetaspaceSize: unlimited
CompressedClassSpaceSize: 1.00 GB
Initial GC threshold: 21.00 MB
Current GC threshold: 21.00 MB
CDS: on
 - commit_granule_bytes: 65536.
 - commit_granule_words: 8192.
 - virtual_space_node_default_size: 8388608.
 - enlarge_chunks_in_place: 1.
 - use_allocation_guard: 0.


Internal statistics:

num_allocs_failed_limit: 0.
num_arena_births: 74.
num_arena_deaths: 0.
num_vsnodes_births: 2.
num_vsnodes_deaths: 0.
num_space_committed: 16.
num_space_uncommitted: 0.
num_chunks_returned_to_freelist: 0.
num_chunks_taken_from_freelist: 89.
num_chunk_merges: 0.
num_chunk_splits: 62.
num_chunks_enlarged: 40.
num_inconsistent_stats: 0.

CodeHeap 'non-profiled nmethods': size=120000Kb used=156Kb max_used=156Kb free=119843Kb
 bounds [0x000002be0c170000, 0x000002be0c3e0000, 0x000002be136a0000]
CodeHeap 'profiled nmethods': size=120000Kb used=640Kb max_used=640Kb free=119359Kb
 bounds [0x000002be046a0000, 0x000002be04910000, 0x000002be0bbd0000]
CodeHeap 'non-nmethods': size=5760Kb used=1148Kb max_used=1164Kb free=4612Kb
 bounds [0x000002be0bbd0000, 0x000002be0be40000, 0x000002be0c170000]
 total_blobs=875 nmethods=481 adapters=301
 compilation: enabled
              stopped_count=0, restarted_count=0
 full_count=0

Compilation events (20 events):
Event: 0.722 Thread 0x000002be1586b830 nmethod 472 0x000002be0c195e90 code [0x000002be0c196020, 0x000002be0c1960e8]
Event: 0.724 Thread 0x000002be1586b830  473       3       java.util.ArrayList$Itr::hasNext (20 bytes)
Event: 0.725 Thread 0x000002be1586b830 nmethod 473 0x000002be0473b510 code [0x000002be0473b6c0, 0x000002be0473b830]
Event: 0.725 Thread 0x000002be15867fc0  474       4       java.lang.StringBuilder::append (8 bytes)
Event: 0.725 Thread 0x000002be1586b830  475 %     3       lombok.launch.PackageShader::apply @ 35 (252 bytes)
Event: 0.726 Thread 0x000002be1586b830 nmethod 475% 0x000002be0473b910 code [0x000002be0473bb60, 0x000002be0473c858]
Event: 0.726 Thread 0x000002be1586b830  476       3       java.lang.Character::getType (9 bytes)
Event: 0.726 Thread 0x000002be1586b830 nmethod 476 0x000002be0473cf10 code [0x000002be0473d0c0, 0x000002be0473d2b8]
Event: 0.726 Thread 0x000002be1586b830  477       3       java.lang.CharacterDataLatin1::getType (11 bytes)
Event: 0.726 Thread 0x000002be1586b830 nmethod 477 0x000002be0473d390 code [0x000002be0473d540, 0x000002be0473d6f0]
Event: 0.727 Thread 0x000002be1586b830  479 %     3       lombok.launch.PackageShader::apply @ 76 (252 bytes)
Event: 0.728 Thread 0x000002be1586b830 nmethod 479% 0x000002be0473d810 code [0x000002be0473da80, 0x000002be0473e8e0]
Event: 0.729 Thread 0x000002be1586b830  480       1       java.net.URI::getScheme (5 bytes)
Event: 0.729 Thread 0x000002be1586b830 nmethod 480 0x000002be0c196190 code [0x000002be0c196320, 0x000002be0c1963e8]
Event: 0.729 Thread 0x000002be15867fc0 nmethod 474 0x000002be0c196490 code [0x000002be0c196660, 0x000002be0c196c18]
Event: 0.729 Thread 0x000002be1586b830  481       3       lombok.launch.PackageShader::apply (252 bytes)
Event: 0.729 Thread 0x000002be15867fc0  478       4       java.io.WinNTFileSystem::isSlash (18 bytes)
Event: 0.730 Thread 0x000002be15867fc0 nmethod 478 0x000002be0c196f10 code [0x000002be0c1970a0, 0x000002be0c197140]
Event: 0.730 Thread 0x000002be1586b830 nmethod 481 0x000002be0473f090 code [0x000002be0473f2e0, 0x000002be0473fd90]
Event: 0.730 Thread 0x000002be1586b830  482       3       java.net.URI$Parser::checkChars (44 bytes)

GC Heap History (0 events):
No events

Dll operation events (8 events):
Event: 0.075 Loaded shared library c:\Users\LEARNER\.vscode\extensions\redhat.java-1.39.0-win32-x64\jre\21.0.5-win32-x86_64\bin\java.dll
Event: 0.260 Loaded shared library c:\Users\LEARNER\.vscode\extensions\redhat.java-1.39.0-win32-x64\jre\21.0.5-win32-x86_64\bin\zip.dll
Event: 0.281 Loaded shared library C:\Users\LEARNER\.vscode\extensions\redhat.java-1.39.0-win32-x64\jre\21.0.5-win32-x86_64\bin\instrument.dll
Event: 0.313 Loaded shared library C:\Users\LEARNER\.vscode\extensions\redhat.java-1.39.0-win32-x64\jre\21.0.5-win32-x86_64\bin\net.dll
Event: 0.345 Loaded shared library C:\Users\LEARNER\.vscode\extensions\redhat.java-1.39.0-win32-x64\jre\21.0.5-win32-x86_64\bin\nio.dll
Event: 0.351 Loaded shared library C:\Users\LEARNER\.vscode\extensions\redhat.java-1.39.0-win32-x64\jre\21.0.5-win32-x86_64\bin\zip.dll
Event: 0.382 Loaded shared library C:\Users\LEARNER\.vscode\extensions\redhat.java-1.39.0-win32-x64\jre\21.0.5-win32-x86_64\bin\jimage.dll
Event: 0.697 Loaded shared library c:\Users\LEARNER\.vscode\extensions\redhat.java-1.39.0-win32-x64\jre\21.0.5-win32-x86_64\bin\verify.dll

Deoptimization events (18 events):
Event: 0.361 Thread 0x000002be7e736560 Uncommon trap: trap_request=0xffffffde fr.pc=0x000002be0c17fbf8 relative=0x00000000000007d8
Event: 0.361 Thread 0x000002be7e736560 Uncommon trap: reason=class_check action=maybe_recompile pc=0x000002be0c17fbf8 method=java.util.HashMap.putVal(ILjava/lang/Object;Ljava/lang/Object;ZZ)Ljava/lang/Object; @ 152 c2
Event: 0.361 Thread 0x000002be7e736560 DEOPT PACKING pc=0x000002be0c17fbf8 sp=0x000000df2c5fe860
Event: 0.361 Thread 0x000002be7e736560 DEOPT UNPACKING pc=0x000002be0bc23aa2 sp=0x000000df2c5fe7c0 mode 2
Event: 0.361 Thread 0x000002be7e736560 Uncommon trap: trap_request=0xffffffde fr.pc=0x000002be0c17fbf8 relative=0x00000000000007d8
Event: 0.361 Thread 0x000002be7e736560 Uncommon trap: reason=class_check action=maybe_recompile pc=0x000002be0c17fbf8 method=java.util.HashMap.putVal(ILjava/lang/Object;Ljava/lang/Object;ZZ)Ljava/lang/Object; @ 152 c2
Event: 0.361 Thread 0x000002be7e736560 DEOPT PACKING pc=0x000002be0c17fbf8 sp=0x000000df2c5fe860
Event: 0.361 Thread 0x000002be7e736560 DEOPT UNPACKING pc=0x000002be0bc23aa2 sp=0x000000df2c5fe7c0 mode 2
Event: 0.392 Thread 0x000002be7e736560 DEOPT PACKING pc=0x000002be046d8249 sp=0x000000df2c5fe640
Event: 0.392 Thread 0x000002be7e736560 DEOPT UNPACKING pc=0x000002be0bc24242 sp=0x000000df2c5fdac8 mode 0
Event: 0.393 Thread 0x000002be7e736560 DEOPT PACKING pc=0x000002be046d8249 sp=0x000000df2c5fe640
Event: 0.393 Thread 0x000002be7e736560 DEOPT UNPACKING pc=0x000002be0bc24242 sp=0x000000df2c5fdac8 mode 0
Event: 0.394 Thread 0x000002be7e736560 DEOPT PACKING pc=0x000002be046d8249 sp=0x000000df2c5fe640
Event: 0.394 Thread 0x000002be7e736560 DEOPT UNPACKING pc=0x000002be0bc24242 sp=0x000000df2c5fdac8 mode 0
Event: 0.395 Thread 0x000002be7e736560 DEOPT PACKING pc=0x000002be046d8249 sp=0x000000df2c5fe640
Event: 0.395 Thread 0x000002be7e736560 DEOPT UNPACKING pc=0x000002be0bc24242 sp=0x000000df2c5fdac8 mode 0
Event: 0.396 Thread 0x000002be7e736560 DEOPT PACKING pc=0x000002be046d8249 sp=0x000000df2c5fe640
Event: 0.396 Thread 0x000002be7e736560 DEOPT UNPACKING pc=0x000002be0bc24242 sp=0x000000df2c5fdac8 mode 0

Classes loaded (20 events):
Event: 0.421 Loading class java/lang/foreign/MemorySegment$Scope done
Event: 0.421 Loading class jdk/internal/foreign/MemorySessionImpl done
Event: 0.424 Loading class sun/invoke/util/ValueConversions$1
Event: 0.424 Loading class sun/invoke/util/ValueConversions$1 done
Event: 0.425 Loading class java/lang/invoke/BoundMethodHandle$Species_LI
Event: 0.425 Loading class java/lang/invoke/BoundMethodHandle$Species_LI done
Event: 0.700 Loading class java/lang/IllegalAccessException
Event: 0.700 Loading class java/lang/IllegalAccessException done
Event: 0.703 Loading class java/lang/IllegalStateException
Event: 0.704 Loading class java/lang/IllegalStateException done
Event: 0.707 Loading class java/lang/UnsupportedOperationException
Event: 0.707 Loading class java/lang/UnsupportedOperationException done
Event: 0.708 Loading class java/lang/instrument/ClassFileTransformer
Event: 0.708 Loading class java/lang/instrument/ClassFileTransformer done
Event: 0.716 Loading class java/lang/instrument/UnmodifiableClassException
Event: 0.716 Loading class java/lang/instrument/UnmodifiableClassException done
Event: 0.716 Loading class java/lang/instrument/ClassDefinition
Event: 0.716 Loading class java/lang/instrument/ClassDefinition done
Event: 0.720 Loading class java/lang/invoke/WrongMethodTypeException
Event: 0.721 Loading class java/lang/invoke/WrongMethodTypeException done

Classes unloaded (0 events):
No events

Classes redefined (0 events):
No events

Internal exceptions (11 events):
Event: 0.233 Thread 0x000002be7e736560 Exception <a 'java/lang/NoSuchMethodError'{0x00000000ead2bb70}: 'void java.lang.invoke.DirectMethodHandle$Holder.invokeStatic(java.lang.Object, java.lang.Object, java.lang.Object)'> (0x00000000ead2bb70) 
thrown [s\src\hotspot\share\interpreter\linkResolver.cpp, line 773]
Event: 0.373 Thread 0x000002be7e736560 Exception <a 'java/lang/NoSuchMethodError'{0x00000000eae989e8}: 'java.lang.Object java.lang.invoke.Invokers$Holder.invokeExact_MT(java.lang.Object, java.lang.Object, java.lang.Object, java.lang.Object, java.lang.Object)'> (0x00000000eae989e8) 
thrown [s\src\hotspot\share\interpreter\linkResolver.cpp, line 773]
Event: 0.424 Thread 0x000002be7e736560 Exception <a 'java/lang/NoSuchMethodError'{0x00000000eaf51430}: 'int java.lang.invoke.DirectMethodHandle$Holder.invokeSpecial(java.lang.Object, java.lang.Object, java.lang.Object, int)'> (0x00000000eaf51430) 
thrown [s\src\hotspot\share\interpreter\linkResolver.cpp, line 773]
Event: 0.427 Thread 0x000002be7e736560 Exception <a 'java/lang/NoSuchMethodError'{0x00000000eaf63e18}: 'java.lang.Object java.lang.invoke.DirectMethodHandle$Holder.invokeStatic(java.lang.Object, java.lang.Object, java.lang.Object, java.lang.Object, int)'> (0x00000000eaf63e18) 
thrown [s\src\hotspot\share\interpreter\linkResolver.cpp, line 773]
Event: 0.429 Thread 0x000002be7e736560 Exception <a 'java/lang/NoSuchMethodError'{0x00000000eaf6f258}: 'void java.lang.invoke.DelegatingMethodHandle$Holder.reinvoke_L(java.lang.Object, java.lang.Object, java.lang.Object, int, java.lang.Object)'> (0x00000000eaf6f258) 
thrown [s\src\hotspot\share\interpreter\linkResolver.cpp, line 773]
Event: 0.432 Thread 0x000002be7e736560 Exception <a 'java/lang/NoSuchMethodError'{0x00000000eaf7fba8}: 'int java.lang.invoke.DirectMethodHandle$Holder.invokeSpecial(java.lang.Object, java.lang.Object, java.lang.Object)'> (0x00000000eaf7fba8) 
thrown [s\src\hotspot\share\interpreter\linkResolver.cpp, line 773]
Event: 0.433 Thread 0x000002be7e736560 Exception <a 'java/lang/NoSuchMethodError'{0x00000000eaf8bb20}: 'java.lang.Object java.lang.invoke.DirectMethodHandle$Holder.invokeStatic(java.lang.Object, java.lang.Object, int)'> (0x00000000eaf8bb20) 
thrown [s\src\hotspot\share\interpreter\linkResolver.cpp, line 773]
Event: 0.434 Thread 0x000002be7e736560 Exception <a 'java/lang/NoSuchMethodError'{0x00000000eaf90470}: 'void java.lang.invoke.DirectMethodHandle$Holder.invokeStatic(java.lang.Object, java.lang.Object, int, java.lang.Object)'> (0x00000000eaf90470) 
thrown [s\src\hotspot\share\interpreter\linkResolver.cpp, line 773]
Event: 0.434 Thread 0x000002be7e736560 Exception <a 'java/lang/NoSuchMethodError'{0x00000000eaf94000}: 'void java.lang.invoke.DirectMethodHandle$Holder.invokeSpecial(java.lang.Object, java.lang.Object, java.lang.Object, int, java.lang.Object)'> (0x00000000eaf94000) 
thrown [s\src\hotspot\share\interpreter\linkResolver.cpp, line 773]
Event: 0.434 Thread 0x000002be7e736560 Exception <a 'java/lang/NoSuchMethodError'{0x00000000eaf97470}: 'void java.lang.invoke.DelegatingMethodHandle$Holder.delegate(java.lang.Object, java.lang.Object, int, java.lang.Object)'> (0x00000000eaf97470) 
thrown [s\src\hotspot\share\interpreter\linkResolver.cpp, line 773]
Event: 0.718 Thread 0x000002be7e736560 Exception <a 'java/lang/NoSuchMethodError'{0x00000000eb154ce8}: 'void java.lang.invoke.DelegatingMethodHandle$Holder.reinvoke_L(java.lang.Object, java.lang.Object, java.lang.Object, int)'> (0x00000000eb154ce8) 
thrown [s\src\hotspot\share\interpreter\linkResolver.cpp, line 773]

ZGC Phase Switch (0 events):
No events

VM Operations (4 events):
Event: 0.237 Executing VM operation: HandshakeAllThreads (Deoptimize)
Event: 0.237 Executing VM operation: HandshakeAllThreads (Deoptimize) done
Event: 0.402 Executing VM operation: HandshakeAllThreads (Deoptimize)
Event: 0.402 Executing VM operation: HandshakeAllThreads (Deoptimize) done

Memory protections (0 events):
No events

Nmethod flushes (0 events):
No events

Events (10 events):
Event: 0.185 Thread 0x000002be7e736560 Thread added: 0x000002be7e736560
Event: 0.200 Thread 0x000002be7e736560 Thread added: 0x000002be15852070
Event: 0.200 Thread 0x000002be7e736560 Thread added: 0x000002be15853970
Event: 0.200 Thread 0x000002be7e736560 Thread added: 0x000002be158554f0
Event: 0.200 Thread 0x000002be7e736560 Thread added: 0x000002be15856650
Event: 0.200 Thread 0x000002be7e736560 Thread added: 0x000002be1585c320
Event: 0.200 Thread 0x000002be7e736560 Thread added: 0x000002be15860420
Event: 0.200 Thread 0x000002be7e736560 Thread added: 0x000002be15867fc0
Event: 0.200 Thread 0x000002be7e736560 Thread added: 0x000002be1586b830
Event: 0.225 Thread 0x000002be7e736560 Thread added: 0x000002be583ef0f0


Dynamic libraries:
0x00007ff7fa1c0000 - 0x00007ff7fa1ce000 	c:\Users\LEARNER\.vscode\extensions\redhat.java-1.39.0-win32-x64\jre\21.0.5-win32-x86_64\bin\java.exe
0x00007fff95d50000 - 0x00007fff95f48000 	C:\WINDOWS\SYSTEM32\ntdll.dll
0x00007fff95b50000 - 0x00007fff95c12000 	C:\WINDOWS\System32\KERNEL32.DLL
0x00007fff93730000 - 0x00007fff93a2f000 	C:\WINDOWS\System32\KERNELBASE.dll
0x00007fff93630000 - 0x00007fff93730000 	C:\WINDOWS\System32\ucrtbase.dll
0x00007fff90180000 - 0x00007fff90198000 	c:\Users\LEARNER\.vscode\extensions\redhat.java-1.39.0-win32-x64\jre\21.0.5-win32-x86_64\bin\jli.dll
0x00007fff8c620000 - 0x00007fff8c63e000 	c:\Users\LEARNER\.vscode\extensions\redhat.java-1.39.0-win32-x64\jre\21.0.5-win32-x86_64\bin\VCRUNTIME140.dll
0x00007fff953c0000 - 0x00007fff9555d000 	C:\WINDOWS\System32\USER32.dll
0x00007fff7d820000 - 0x00007fff7daba000 	C:\WINDOWS\WinSxS\amd64_microsoft.windows.common-controls_6595b64144ccf1df_6.0.19041.4355_none_60b8b9eb71f62e16\COMCTL32.dll
0x00007fff933f0000 - 0x00007fff93412000 	C:\WINDOWS\System32\win32u.dll
0x00007fff95c20000 - 0x00007fff95cbe000 	C:\WINDOWS\System32\msvcrt.dll
0x00007fff95cc0000 - 0x00007fff95ceb000 	C:\WINDOWS\System32\GDI32.dll
0x00007fff93af0000 - 0x00007fff93c0a000 	C:\WINDOWS\System32\gdi32full.dll
0x00007fff934e0000 - 0x00007fff9357d000 	C:\WINDOWS\System32\msvcp_win.dll
0x00007fff95670000 - 0x00007fff9569f000 	C:\WINDOWS\System32\IMM32.DLL
0x00007fff90130000 - 0x00007fff9013c000 	c:\Users\LEARNER\.vscode\extensions\redhat.java-1.39.0-win32-x64\jre\21.0.5-win32-x86_64\bin\vcruntime140_1.dll
0x00007fff487d0000 - 0x00007fff4885d000 	c:\Users\LEARNER\.vscode\extensions\redhat.java-1.39.0-win32-x64\jre\21.0.5-win32-x86_64\bin\msvcp140.dll
0x00007fff35010000 - 0x00007fff35d9f000 	c:\Users\LEARNER\.vscode\extensions\redhat.java-1.39.0-win32-x64\jre\21.0.5-win32-x86_64\bin\server\jvm.dll
0x00007fff95780000 - 0x00007fff9582f000 	C:\WINDOWS\System32\ADVAPI32.dll
0x00007fff95ab0000 - 0x00007fff95b4f000 	C:\WINDOWS\System32\sechost.dll
0x00007fff94e10000 - 0x00007fff94f33000 	C:\WINDOWS\System32\RPCRT4.dll
0x00007fff93ac0000 - 0x00007fff93ae7000 	C:\WINDOWS\System32\bcrypt.dll
0x00007fff95710000 - 0x00007fff9577b000 	C:\WINDOWS\System32\WS2_32.dll
0x00007fff93250000 - 0x00007fff9329b000 	C:\WINDOWS\SYSTEM32\POWRPROF.dll
0x00007fff8f480000 - 0x00007fff8f48a000 	C:\WINDOWS\SYSTEM32\VERSION.dll
0x00007fff8ecd0000 - 0x00007fff8ecf7000 	C:\WINDOWS\SYSTEM32\WINMM.dll
0x00007fff93180000 - 0x00007fff93192000 	C:\WINDOWS\SYSTEM32\UMPDC.dll
0x00007fff91290000 - 0x00007fff912a2000 	C:\WINDOWS\SYSTEM32\kernel.appcore.dll
0x00007fff8c6a0000 - 0x00007fff8c6aa000 	c:\Users\LEARNER\.vscode\extensions\redhat.java-1.39.0-win32-x64\jre\21.0.5-win32-x86_64\bin\jimage.dll
0x00007fff7f770000 - 0x00007fff7f954000 	C:\WINDOWS\SYSTEM32\DBGHELP.DLL
0x00007fff740c0000 - 0x00007fff740f4000 	C:\WINDOWS\SYSTEM32\dbgcore.DLL
0x00007fff93a30000 - 0x00007fff93ab2000 	C:\WINDOWS\System32\bcryptPrimitives.dll
0x00007fff8b6c0000 - 0x00007fff8b6cf000 	c:\Users\LEARNER\.vscode\extensions\redhat.java-1.39.0-win32-x64\jre\21.0.5-win32-x86_64\bin\instrument.dll
0x00007fff7a850000 - 0x00007fff7a86f000 	c:\Users\LEARNER\.vscode\extensions\redhat.java-1.39.0-win32-x64\jre\21.0.5-win32-x86_64\bin\java.dll
0x00007fff94620000 - 0x00007fff94d8d000 	C:\WINDOWS\System32\SHELL32.dll
0x00007fff91490000 - 0x00007fff91c34000 	C:\WINDOWS\SYSTEM32\windows.storage.dll
0x00007fff94f40000 - 0x00007fff95295000 	C:\WINDOWS\System32\combase.dll
0x00007fff92d50000 - 0x00007fff92d7f000 	C:\WINDOWS\SYSTEM32\Wldp.dll
0x00007fff94550000 - 0x00007fff9461d000 	C:\WINDOWS\System32\OLEAUT32.dll
0x00007fff955c0000 - 0x00007fff9566d000 	C:\WINDOWS\System32\SHCORE.dll
0x00007fff95560000 - 0x00007fff955b5000 	C:\WINDOWS\System32\shlwapi.dll
0x00007fff93320000 - 0x00007fff93344000 	C:\WINDOWS\SYSTEM32\profapi.dll
0x00007fff79880000 - 0x00007fff79898000 	c:\Users\LEARNER\.vscode\extensions\redhat.java-1.39.0-win32-x64\jre\21.0.5-win32-x86_64\bin\zip.dll
0x00007fff8b6b0000 - 0x00007fff8b6c0000 	C:\Users\LEARNER\.vscode\extensions\redhat.java-1.39.0-win32-x64\jre\21.0.5-win32-x86_64\bin\net.dll
0x00007fff8d710000 - 0x00007fff8d81a000 	C:\WINDOWS\SYSTEM32\WINHTTP.dll
0x00007fff92ab0000 - 0x00007fff92b1c000 	C:\WINDOWS\system32\mswsock.dll
0x00007fff797f0000 - 0x00007fff79806000 	C:\Users\LEARNER\.vscode\extensions\redhat.java-1.39.0-win32-x64\jre\21.0.5-win32-x86_64\bin\nio.dll
0x00007fff82b90000 - 0x00007fff82ba0000 	c:\Users\LEARNER\.vscode\extensions\redhat.java-1.39.0-win32-x64\jre\21.0.5-win32-x86_64\bin\verify.dll

dbghelp: loaded successfully - version: 4.0.5 - missing functions: none
symbol engine: initialized successfully - sym options: 0x614 - pdb path: .;c:\Users\LEARNER\.vscode\extensions\redhat.java-1.39.0-win32-x64\jre\21.0.5-win32-x86_64\bin;C:\WINDOWS\SYSTEM32;C:\WINDOWS\WinSxS\amd64_microsoft.windows.common-controls_6595b64144ccf1df_6.0.19041.4355_none_60b8b9eb71f62e16;c:\Users\LEARNER\.vscode\extensions\redhat.java-1.39.0-win32-x64\jre\21.0.5-win32-x86_64\bin\server

VM Arguments:
jvm_args: --add-modules=ALL-SYSTEM --add-opens=java.base/java.util=ALL-UNNAMED --add-opens=java.base/java.lang=ALL-UNNAMED --add-opens=java.base/sun.nio.fs=ALL-UNNAMED -Declipse.application=org.eclipse.jdt.ls.core.id1 -Dosgi.bundles.defaultStartLevel=4 -Declipse.product=org.eclipse.jdt.ls.core.product -Djava.import.generatesMetadataFilesAtProjectRoot=false -DDetectVMInstallationsJob.disabled=true -Dfile.encoding=utf8 -XX:+UseParallelGC -XX:GCTimeRatio=4 -XX:AdaptiveSizePolicyWeight=90 -Dsun.zip.disableMemoryMapping=true -Xmx1G -Xms100m -Xlog:disable -javaagent:c:\Users\LEARNER\.vscode\extensions\redhat.java-1.39.0-win32-x64\lombok\lombok-1.18.34.jar 
java_command: c:\Users\LEARNER\.vscode\extensions\redhat.java-1.39.0-win32-x64\server\plugins\org.eclipse.equinox.launcher_1.6.900.v20240613-2009.jar -configuration c:\Users\LEARNER\AppData\Roaming\Code\User\globalStorage\redhat.java\1.39.0\config_ss_win -data c:\Users\LEARNER\AppData\Roaming\Code\User\workspaceStorage\f22a8c485441418470dca189f938abad\redhat.java\ss_ws --pipe=\\.\pipe\lsp-09647fab112f706cc0e57515673426f7-sock
java_class_path (initial): c:\Users\LEARNER\.vscode\extensions\redhat.java-1.39.0-win32-x64\server\plugins\org.eclipse.equinox.launcher_1.6.900.v20240613-2009.jar
Launcher Type: SUN_STANDARD

[Global flags]
    uintx AdaptiveSizePolicyWeight                 = 90                                        {product} {command line}
     intx CICompilerCount                          = 4                                         {product} {ergonomic}
    uintx GCTimeRatio                              = 4                                         {product} {command line}
   size_t InitialHeapSize                          = 104857600                                 {product} {command line}
   size_t MaxHeapSize                              = 1073741824                                {product} {command line}
   size_t MaxNewSize                               = 357564416                                 {product} {ergonomic}
   size_t MinHeapDeltaBytes                        = 524288                                    {product} {ergonomic}
   size_t MinHeapSize                              = 104857600                                 {product} {command line}
   size_t NewSize                                  = 34603008                                  {product} {ergonomic}
    uintx NonNMethodCodeHeapSize                   = 5839372                                {pd product} {ergonomic}
    uintx NonProfiledCodeHeapSize                  = 122909434                              {pd product} {ergonomic}
   size_t OldSize                                  = 70254592                                  {product} {ergonomic}
    uintx ProfiledCodeHeapSize                     = 122909434                              {pd product} {ergonomic}
    uintx ReservedCodeCacheSize                    = 251658240                              {pd product} {ergonomic}
     bool SegmentedCodeCache                       = true                                      {product} {ergonomic}
   size_t SoftMaxHeapSize                          = 1073741824                             {manageable} {ergonomic}
     bool UseCompressedOops                        = true                           {product lp64_product} {ergonomic}
     bool UseLargePagesIndividualAllocation        = false                                  {pd product} {ergonomic}
     bool UseParallelGC                            = true                                      {product} {command line}

Logging:
Log output configuration:
 #0: stdout all=off uptime,level,tags foldmultilines=false
 #1: stderr all=off uptime,level,tags foldmultilines=false

Environment Variables:
PATH=C:\Program Files (x86)\Common Files\Intel\Shared Libraries\redist\intel64\compiler;C:\Python311\Scripts\;C:\Python311\;C:\Program Files\Common Files\Oracle\Java\javapath;C:\Program Files (x86)\NVIDIA Corporation\PhysX\Common;C:\WINDOWS\system32;C:\WINDOWS;C:\WINDOWS\System32\Wbem;C:\WINDOWS\System32\WindowsPowerShell\v1.0\;C:\WINDOWS\System32\OpenSSH\;C:\Program Files\IBM\SPSS\Statistics\25\JRE\bin;C:\Program Files\Git\cmd;C:\Program Files\nodejs\;C:\ProgramData\chocolatey\bin;C:\Program Files\swipl\bin;c:\Program Files (x86)\Microsoft SQL Server\100\Tools\Binn\;c:\Program Files\Microsoft SQL Server\100\Tools\Binn\;c:\Program Files\Microsoft SQL Server\100\DTS\Binn\;C:\Program Files\Common Files\Autodesk Shared\;C:\Program Files\dotnet\;C:\Users\LEARNER\AppData\Local\Microsoft\WindowsApps;C:\Users\LEARNER\AppData\Local\Programs\Microsoft VS Code\bin
USERNAME=LEARNER
OS=Windows_NT
PROCESSOR_IDENTIFIER=Intel64 Family 6 Model 158 Stepping 9, GenuineIntel
TMP=C:\Users\LEARNER\AppData\Local\Temp
TEMP=C:\Users\LEARNER\AppData\Local\Temp




Periodic native trim disabled

---------------  S Y S T E M  ---------------

OS:
 Windows 10 , 64 bit Build 19041 (10.0.19041.5438)
OS uptime: 3 days 20:25 hours

CPU: total 8 (initial active 8) (4 cores per cpu, 2 threads per core) family 6 model 158 stepping 9 microcode 0xb4, cx8, cmov, fxsr, ht, mmx, 3dnowpref, sse, sse2, sse3, ssse3, sse4.1, sse4.2, popcnt, lzcnt, tsc, tscinvbit, avx, avx2, aes, erms, clmul, bmi1, bmi2, rtm, adx, fma, vzeroupper, clflush, clflushopt, rdtscp, f16c
Processor Information for all 8 processors :
  Max Mhz: 3600, Current Mhz: 3600, Mhz Limit: 3600

Memory: 4k page, system-wide physical 8099M (229M free)
TotalPageFile size 11852M (AvailPageFile size 0M)
current process WorkingSet (physical memory assigned to process): 42M, peak: 42M
current process commit charge ("private bytes"): 189M, peak: 189M

vm_info: OpenJDK 64-Bit Server VM (21.0.5+11-LTS) for windows-amd64 JRE (21.0.5+11-LTS), built on 2024-10-15T00:00:00Z by "admin" with MS VC++ 17.7 (VS2022)

END.
